date: "2014-08-24 16:56:29.322"
argv: "c:\\Program Files\\nodejs\\node.exe c:\\Users\\bruce\\AppData\\Roaming\\npm\\node_modules\\hexo\\bin\\hexo s"
os: Windows_NT 6.2.9200 win32 x64
versions:
  http_parser: "1.0"
  node: 0.10.26
  v8: 3.14.5.9
  ares: 1.9.0-DEV
  uv: 0.10.25
  zlib: 1.2.3
  modules: "11"
  openssl: 1.0.1e
  hexo: 2.8.2
---
[debug] 16:56:27.800 Config file loaded from d:\Google Driver\github page\_config.yml[debug] 16:56:27.809 Version info checked successfully[debug] 16:56:28.120 Processed: page.md (5ms)[debug] 16:56:28.120 Processed: draft.md (3ms)[debug] 16:56:28.123 Processed: photo.md (6ms)[debug] 16:56:28.123 Processed: post.md (6ms)[debug] 16:56:28.229 Plugin loaded successfully: hexo-generator-feed[debug] 16:56:28.286 Plugin loaded successfully: hexo-renderer-ejs[debug] 16:56:28.349 Plugin loaded successfully: hexo-renderer-marked[debug] 16:56:29.039 Plugin loaded successfully: hexo-renderer-stylus[debug] 16:56:29.121 Processed: source/img/apple-icon.png (1ms)[debug] 16:56:29.122 Processed: source/img/favicon.png (1ms)[debug] 16:56:29.122 Processed: source/fancybox/blank.gif (0ms)[debug] 16:56:29.123 Processed: source/fancybox/fancybox_loading.gif (1ms)[debug] 16:56:29.124 Processed: source/fancybox/fancybox_loading@2x.gif (1ms)[debug] 16:56:29.124 Processed: source/fancybox/fancybox_sprite.png (0ms)[debug] 16:56:29.124 Processed: source/fancybox/fancybox_overlay.png (0ms)[debug] 16:56:29.125 Processed: source/fancybox/fancybox_sprite@2x.png (1ms)[debug] 16:56:29.125 Processed: source/fancybox/jquery.fancybox.css (0ms)[debug] 16:56:29.126 Processed: source/fancybox/jquery.fancybox.pack.js (1ms)[debug] 16:56:29.126 Processed: source/js/gallery.js (0ms)[debug] 16:56:29.126 Processed: source/js/jquery.imagesloaded.min.js (0ms)[debug] 16:56:29.127 Processed: source/css/style.styl (0ms)[debug] 16:56:29.127 Processed: source/css/_base/layout.styl (0ms)[debug] 16:56:29.127 Processed: source/css/_base/utils.styl (0ms)[debug] 16:56:29.127 Processed: source/css/_base/variable.styl (0ms)[debug] 16:56:29.127 Processed: source/css/_partial/archive.styl (0ms)[debug] 16:56:29.128 Processed: source/css/_partial/comment.styl (1ms)[debug] 16:56:29.128 Processed: source/css/_partial/footer.styl (0ms)[debug] 16:56:29.128 Processed: source/css/_partial/article.styl (0ms)[debug] 16:56:29.128 Processed: source/css/_partial/header.styl (0ms)[debug] 16:56:29.128 Processed: source/css/_partial/syntax.styl (0ms)[debug] 16:56:29.129 Processed: source/css/_partial/sidebar.styl (1ms)[debug] 16:56:29.129 Processed: source/css/_partial/index.styl (0ms)[debug] 16:56:29.135 Processed: layout/archive.ejs (27ms)[debug] 16:56:29.136 Processed: layout/category.ejs (28ms)[debug] 16:56:29.136 Processed: layout/index.ejs (28ms)[debug] 16:56:29.136 Processed: layout/layout.ejs (27ms)[debug] 16:56:29.136 Processed: layout/post.ejs (27ms)[debug] 16:56:29.137 Processed: layout/tag.ejs (24ms)[debug] 16:56:29.137 Processed: layout/page.ejs (28ms)[debug] 16:56:29.137 Processed: layout/_widget/category.ejs (25ms)[debug] 16:56:29.137 Processed: layout/_widget/recent_posts.ejs (25ms)[debug] 16:56:29.137 Processed: layout/_widget/tag.ejs (24ms)[debug] 16:56:29.137 Processed: layout/_widget/search.ejs (24ms)[debug] 16:56:29.137 Processed: layout/_widget/tagcloud.ejs (24ms)[debug] 16:56:29.137 Processed: layout/_partial/after_footer.ejs (24ms)[debug] 16:56:29.137 Processed: layout/_partial/archive.ejs (23ms)[debug] 16:56:29.137 Processed: layout/_partial/comment.ejs (23ms)[debug] 16:56:29.138 Processed: layout/_partial/article.ejs (24ms)[debug] 16:56:29.138 Processed: layout/_partial/facebook_comment.ejs (23ms)[debug] 16:56:29.138 Processed: layout/_partial/footer.ejs (23ms)[debug] 16:56:29.138 Processed: layout/_partial/google_analytics.ejs (22ms)[debug] 16:56:29.138 Processed: layout/_partial/head.ejs (22ms)[debug] 16:56:29.138 Processed: layout/_partial/header.ejs (20ms)[debug] 16:56:29.138 Processed: layout/_partial/page-heading.ejs (20ms)[debug] 16:56:29.138 Processed: layout/_partial/pagination.ejs (20ms)[debug] 16:56:29.138 Processed: layout/_partial/sidebar.ejs (20ms)[debug] 16:56:29.138 Processed: layout/_partial/post/category.ejs (19ms)[debug] 16:56:29.138 Processed: layout/_partial/post/pagination.ejs (19ms)[debug] 16:56:29.138 Processed: layout/_partial/post/share.ejs (19ms)[debug] 16:56:29.138 Processed: layout/_partial/post/tag.ejs (19ms)[debug] 16:56:29.139 Processed: layout/_partial/post/gallery.ejs (20ms)[debug] 16:56:29.139 Processed: layout/_partial/post/title.ejs (19ms)[debug] 16:56:29.169 Theme config loaded[debug] 16:56:29.169 Processed: _config.yml (63ms)[error] 16:56:29.172 { name: 'HexoError',
  reason: 'incomplete explicit mapping pair; a key node is missed',
  mark: 
   { name: null,
     buffer: 'categories: Categories\nsearch: Search\ntags: Tags\ntagcloud: Tag Cloud\ntweets: Tweets\nprev: Prev\nnext: Next\ncomment: Comments\narchive_a: Archives\narchive_b: Archives: %s\npage: Page %d\nrecent_posts: Recent Posts\n\u0000',
     position: 163,
     line: 9,
     column: 19 },
  message: 'Process failed: languages/default.yml',
  domain: 
   { domain: null,
     _events: { error: [Function] },
     _maxListeners: 10,
     members: [ [Object] ] },
  domainThrown: true,
  stack: undefined }[debug] 16:56:29.204 Processed: languages/zh-CN.yml (97ms)[debug] 16:56:29.270 Processed: languages/zh-TW.yml (163ms)[debug] 16:56:29.312 Processed: _posts/test.md (240ms)[debug] 16:56:29.312 Processed: _posts/hello-world.md (237ms)